<?xml version="1.0" encoding="UTF-8"?>
<testng-results ignored="0" total="4" passed="4" failed="0" skipped="0">
  <reporter-output>
  </reporter-output>
  <suite started-at="2024-10-07T02:46:44 CDT" name="Myntra website test" finished-at="2024-10-07T02:46:45 CDT" duration-ms="798">
    <groups>
    </groups>
    <test started-at="2024-10-07T02:46:44 CDT" name="Test" finished-at="2024-10-07T02:46:45 CDT" duration-ms="798">
      <class name="Test_NG_Classes.EX_TEST">
        <test-method is-config="true" signature="beforeTest()[pri:0, instance:Test_NG_Classes.EX_TEST@3f6b0be5]" started-at="2024-10-07T02:46:44 CDT" name="beforeTest" finished-at="2024-10-07T02:46:44 CDT" duration-ms="221" status="PASS">
          <reporter-output>
          </reporter-output>
        </test-method> <!-- beforeTest -->
        <test-method signature="TC1_verify_homepage()[pri:0, instance:Test_NG_Classes.EX_TEST@3f6b0be5]" started-at="2024-10-07T02:46:44 CDT" name="TC1_verify_homepage" finished-at="2024-10-07T02:46:44 CDT" duration-ms="23" status="PASS">
          <reporter-output>
          </reporter-output>
        </test-method> <!-- TC1_verify_homepage -->
        <test-method signature="TC2_validate_login()[pri:0, instance:Test_NG_Classes.EX_TEST@3f6b0be5]" started-at="2024-10-07T02:46:44 CDT" name="TC2_validate_login" finished-at="2024-10-07T02:46:44 CDT" duration-ms="3" status="PASS">
          <reporter-output>
          </reporter-output>
        </test-method> <!-- TC2_validate_login -->
        <test-method signature="TC3()[pri:0, instance:Test_NG_Classes.EX_TEST@3f6b0be5]" started-at="2024-10-07T02:46:44 CDT" name="TC3" finished-at="2024-10-07T02:46:44 CDT" duration-ms="1" status="PASS">
          <reporter-output>
          </reporter-output>
        </test-method> <!-- TC3 -->
        <test-method signature="TC4_verify_email_field()[pri:0, instance:Test_NG_Classes.EX_TEST@3f6b0be5]" started-at="2024-10-07T02:46:44 CDT" name="TC4_verify_email_field" finished-at="2024-10-07T02:46:44 CDT" duration-ms="2" status="PASS">
          <reporter-output>
          </reporter-output>
        </test-method> <!-- TC4_verify_email_field -->
        <test-method is-config="true" signature="afterTest()[pri:0, instance:Test_NG_Classes.EX_TEST@3f6b0be5]" started-at="2024-10-07T02:46:44 CDT" name="afterTest" finished-at="2024-10-07T02:46:45 CDT" duration-ms="486" status="PASS">
          <reporter-output>
          </reporter-output>
        </test-method> <!-- afterTest -->
      </class> <!-- Test_NG_Classes.EX_TEST -->
    </test> <!-- Test -->
  </suite> <!-- Myntra website test -->
</testng-results>
