<?xml version="1.0" encoding="UTF-8"?>
<testng-results ignored="0" total="4" passed="4" failed="0" skipped="0">
  <reporter-output>
  </reporter-output>
  <suite started-at="2024-10-08T22:51:53 CDT" name="Myntra website test" finished-at="2024-10-08T22:52:03 CDT" duration-ms="10126">
    <groups>
    </groups>
    <test started-at="2024-10-08T22:51:53 CDT" name="Test" finished-at="2024-10-08T22:52:03 CDT" duration-ms="10126">
      <class name="Test_NG_Classes.EX_TEST">
        <test-method is-config="true" signature="beforetest()[pri:0, instance:Test_NG_Classes.EX_TEST@5cde6747]" started-at="2024-10-08T22:51:53 CDT" name="beforetest" finished-at="2024-10-08T22:51:53 CDT" duration-ms="12" status="PASS">
          <reporter-output>
          </reporter-output>
        </test-method> <!-- beforetest -->
        <test-method is-config="true" signature="beforeTest()[pri:0, instance:Test_NG_Classes.EX_TEST@5cde6747]" started-at="2024-10-08T22:51:53 CDT" name="beforeTest" finished-at="2024-10-08T22:51:53 CDT" depends-on-methods="UTILITIES.Utilities.beforetest" duration-ms="125" status="PASS">
          <reporter-output>
          </reporter-output>
        </test-method> <!-- beforeTest -->
        <test-method is-config="true" signature="beforeClass(java.lang.String,java.lang.String)[pri:0, instance:Test_NG_Classes.EX_TEST@5cde6747]" started-at="2024-10-08T22:51:53 CDT" name="beforeClass" finished-at="2024-10-08T22:52:00 CDT" duration-ms="7289" status="PASS">
          <params>
            <param index="0">
              <value>
                <![CDATA[Chrome]]>
              </value>
            </param>
            <param index="1">
              <value>
                <![CDATA[https://www.myntra.com]]>
              </value>
            </param>
          </params>
          <reporter-output>
          </reporter-output>
        </test-method> <!-- beforeClass -->
        <test-method signature="TC1_verify_homepage()[pri:0, instance:Test_NG_Classes.EX_TEST@5cde6747]" started-at="2024-10-08T22:52:00 CDT" name="TC1_verify_homepage" finished-at="2024-10-08T22:52:00 CDT" duration-ms="14" status="PASS">
          <reporter-output>
          </reporter-output>
        </test-method> <!-- TC1_verify_homepage -->
        <test-method signature="TC2_validate_login()[pri:0, instance:Test_NG_Classes.EX_TEST@5cde6747]" started-at="2024-10-08T22:52:00 CDT" name="TC2_validate_login" finished-at="2024-10-08T22:52:00 CDT" duration-ms="2" status="PASS">
          <reporter-output>
          </reporter-output>
        </test-method> <!-- TC2_validate_login -->
        <test-method signature="TC3()[pri:0, instance:Test_NG_Classes.EX_TEST@5cde6747]" started-at="2024-10-08T22:52:00 CDT" name="TC3" finished-at="2024-10-08T22:52:00 CDT" duration-ms="1" status="PASS">
          <reporter-output>
          </reporter-output>
        </test-method> <!-- TC3 -->
        <test-method signature="TC4_verify_email_field()[pri:0, instance:Test_NG_Classes.EX_TEST@5cde6747]" started-at="2024-10-08T22:52:00 CDT" name="TC4_verify_email_field" finished-at="2024-10-08T22:52:00 CDT" duration-ms="2" status="PASS">
          <reporter-output>
          </reporter-output>
        </test-method> <!-- TC4_verify_email_field -->
        <test-method is-config="true" signature="afterClass()[pri:0, instance:Test_NG_Classes.EX_TEST@5cde6747]" started-at="2024-10-08T22:52:00 CDT" name="afterClass" finished-at="2024-10-08T22:52:02 CDT" duration-ms="2153" status="PASS">
          <reporter-output>
          </reporter-output>
        </test-method> <!-- afterClass -->
        <test-method is-config="true" signature="afterTest()[pri:0, instance:Test_NG_Classes.EX_TEST@5cde6747]" started-at="2024-10-08T22:52:02 CDT" name="afterTest" finished-at="2024-10-08T22:52:03 CDT" duration-ms="479" status="PASS">
          <reporter-output>
          </reporter-output>
        </test-method> <!-- afterTest -->
        <test-method is-config="true" signature="aftertest()[pri:0, instance:Test_NG_Classes.EX_TEST@5cde6747]" started-at="2024-10-08T22:52:03 CDT" name="aftertest" finished-at="2024-10-08T22:52:03 CDT" depends-on-methods="Test_NG_Classes.EX_TEST.afterTest" duration-ms="1" status="PASS">
          <reporter-output>
          </reporter-output>
        </test-method> <!-- aftertest -->
      </class> <!-- Test_NG_Classes.EX_TEST -->
    </test> <!-- Test -->
  </suite> <!-- Myntra website test -->
</testng-results>
